c:\users\asmun\source\repos\dndroundsystem\dndroundsystem\debug\vc142.pdb
c:\users\asmun\source\repos\dndroundsystem\dndroundsystem\debug\vc142.idb
c:\users\asmun\source\repos\dndroundsystem\dndroundsystem\debug\unitlist.obj
c:\users\asmun\source\repos\dndroundsystem\dndroundsystem\debug\unit.obj
c:\users\asmun\source\repos\dndroundsystem\dndroundsystem\debug\dndroundsystem.obj
c:\users\asmun\source\repos\dndroundsystem\dndroundsystem\debug\effect.obj
c:\users\asmun\source\repos\dndroundsystem\dndroundsystem\debug\buffer.obj
c:\users\asmun\source\repos\dndroundsystem\dndroundsystem\debug\effectlist.obj
c:\users\asmun\source\repos\dndroundsystem\dndroundsystem\debug\newround.obj
c:\users\asmun\source\repos\dndroundsystem\dndroundsystem\debug\colortext.obj
c:\users\asmun\source\repos\dndroundsystem\dndroundsystem\debug\createunit.obj
c:\users\asmun\source\repos\dndroundsystem\dndroundsystem\debug\removebuffprocess.obj
c:\users\asmun\source\repos\dndroundsystem\dndroundsystem\debug\modifyhp.obj
c:\users\asmun\source\repos\dndroundsystem\dndroundsystem\debug\player.obj
c:\users\asmun\source\repos\dndroundsystem\debug\dndroundsystem.exe
c:\users\asmun\source\repos\dndroundsystem\debug\dndroundsystem.ilk
c:\users\asmun\source\repos\dndroundsystem\debug\dndroundsystem.pdb
c:\users\asmun\source\repos\dndroundsystem\dndroundsystem\debug\newround.obj.enc
c:\users\asmun\source\repos\dndroundsystem\dndroundsystem\debug\unitlist.obj.enc
c:\users\asmun\source\repos\dndroundsystem\dndroundsystem\debug\dndroundsystem.tlog\cl.command.1.tlog
c:\users\asmun\source\repos\dndroundsystem\dndroundsystem\debug\dndroundsystem.tlog\cl.read.1.tlog
c:\users\asmun\source\repos\dndroundsystem\dndroundsystem\debug\dndroundsystem.tlog\cl.write.1.tlog
c:\users\asmun\source\repos\dndroundsystem\dndroundsystem\debug\dndroundsystem.tlog\link.command.1.tlog
c:\users\asmun\source\repos\dndroundsystem\dndroundsystem\debug\dndroundsystem.tlog\link.read.1.tlog
c:\users\asmun\source\repos\dndroundsystem\dndroundsystem\debug\dndroundsystem.tlog\link.write.1.tlog
